2019-06-30 20:31:50,650 INFO org.springframework.boot.StartupInfoLogger [restartedMain] Starting RestpagoApplication on DESKTOP-1M8MRKG with PID 12096 (C:\Users\Sindy\Pictures\restpago\target\classes started by Sindy in C:\Users\Sindy\Pictures\restpago)
2019-06-30 20:31:50,660 DEBUG org.springframework.boot.StartupInfoLogger [restartedMain] Running with Spring Boot v2.1.6.RELEASE, Spring v5.1.8.RELEASE
2019-06-30 20:31:50,661 INFO org.springframework.boot.SpringApplication [restartedMain] No active profile set, falling back to default profiles: default
2019-06-30 20:31:50,862 INFO org.springframework.boot.logging.DeferredLog [restartedMain] Devtools property defaults active! Set 'spring.devtools.add-properties' to 'false' to disable
2019-06-30 20:31:50,892 INFO org.springframework.boot.logging.DeferredLog [restartedMain] For additional web related logging consider setting the 'logging.level.web' property to 'DEBUG'
2019-06-30 20:31:52,880 INFO org.springframework.data.repository.config.RepositoryConfigurationDelegate [restartedMain] Bootstrapping Spring Data repositories in DEFAULT mode.
2019-06-30 20:31:52,981 INFO org.springframework.data.repository.config.RepositoryConfigurationDelegate [restartedMain] Finished Spring Data repository scanning in 88ms. Found 1 repository interfaces.
2019-06-30 20:31:54,218 INFO org.springframework.context.support.PostProcessorRegistrationDelegate$BeanPostProcessorChecker [restartedMain] Bean 'org.springframework.transaction.annotation.ProxyTransactionManagementConfiguration' of type [org.springframework.transaction.annotation.ProxyTransactionManagementConfiguration$$EnhancerBySpringCGLIB$$886a0dd5] is not eligible for getting processed by all BeanPostProcessors (for example: not eligible for auto-proxying)
2019-06-30 20:31:55,994 INFO org.springframework.boot.web.embedded.tomcat.TomcatWebServer [restartedMain] Tomcat initialized with port(s): 8080 (http)
2019-06-30 20:31:56,025 INFO org.apache.juli.logging.DirectJDKLog [restartedMain] Initializing ProtocolHandler ["http-nio-8080"]
2019-06-30 20:31:56,081 INFO org.apache.juli.logging.DirectJDKLog [restartedMain] Starting service [Tomcat]
2019-06-30 20:31:56,082 INFO org.apache.juli.logging.DirectJDKLog [restartedMain] Starting Servlet engine: [Apache Tomcat/9.0.21]
2019-06-30 20:31:56,439 INFO org.apache.juli.logging.DirectJDKLog [restartedMain] Initializing Spring embedded WebApplicationContext
2019-06-30 20:31:56,441 INFO org.springframework.boot.web.servlet.context.ServletWebServerApplicationContext [restartedMain] Root WebApplicationContext: initialization completed in 5548 ms
2019-06-30 20:31:56,769 INFO com.zaxxer.hikari.HikariDataSource [restartedMain] HikariPool-1 - Starting...
2019-06-30 20:31:59,798 INFO com.zaxxer.hikari.HikariDataSource [restartedMain] HikariPool-1 - Start completed.
2019-06-30 20:32:00,120 INFO org.hibernate.jpa.internal.util.LogHelper [restartedMain] HHH000204: Processing PersistenceUnitInfo [
	name: default
	...]
2019-06-30 20:32:00,406 INFO org.hibernate.Version [restartedMain] HHH000412: Hibernate Core {5.3.10.Final}
2019-06-30 20:32:00,410 INFO org.hibernate.cfg.Environment [restartedMain] HHH000206: hibernate.properties not found
2019-06-30 20:32:00,943 INFO org.hibernate.annotations.common.reflection.java.JavaReflectionManager [restartedMain] HCANN000001: Hibernate Commons Annotations {5.0.4.Final}
2019-06-30 20:32:01,428 INFO org.hibernate.dialect.Dialect [restartedMain] HHH000400: Using dialect: org.hibernate.dialect.MySQL8Dialect
2019-06-30 20:32:11,207 INFO org.springframework.orm.jpa.AbstractEntityManagerFactoryBean [restartedMain] Initialized JPA EntityManagerFactory for persistence unit 'default'
2019-06-30 20:32:11,238 INFO org.springframework.boot.devtools.autoconfigure.OptionalLiveReloadServer [restartedMain] LiveReload server is running on port 35729
2019-06-30 20:32:12,223 INFO org.springframework.scheduling.concurrent.ExecutorConfigurationSupport [restartedMain] Initializing ExecutorService 'applicationTaskExecutor'
2019-06-30 20:32:12,330 WARN org.springframework.boot.autoconfigure.orm.jpa.JpaBaseConfiguration$JpaWebConfiguration$JpaWebMvcConfiguration [restartedMain] spring.jpa.open-in-view is enabled by default. Therefore, database queries may be performed during view rendering. Explicitly configure spring.jpa.open-in-view to disable this warning
2019-06-30 20:32:12,920 INFO org.apache.juli.logging.DirectJDKLog [restartedMain] Starting ProtocolHandler ["http-nio-8080"]
2019-06-30 20:32:13,010 INFO org.springframework.boot.web.embedded.tomcat.TomcatWebServer [restartedMain] Tomcat started on port(s): 8080 (http) with context path ''
2019-06-30 20:32:13,014 INFO org.springframework.boot.StartupInfoLogger [restartedMain] Started RestpagoApplication in 25.09 seconds (JVM running for 27.481)
